Unity Editor version:    2020.3.28f1 (f5400f52e03f)
Branch:                  2020.3/staging
Build type:              Release
Batch mode:              YES
macOS version:           Version 12.3 (Build 21E230)
Darwin version:          21.4.0
Architecture:            x86_64
Running under Rosetta:   NO
Available memory:        8192 MB
Using pre-set license
Pro License: NO

COMMAND LINE ARGUMENTS:
/Applications/Unity/Hub/Editor/2020.3.28f1/Unity.app/Contents/MacOS/Unity
-adb2
-batchMode
-noUpm
-name
AssetImportWorker0
-projectPath
/Users/cyro.guimaraes/projetos/individual/projectPenha
-logFile
Logs/AssetImportWorker0.log
-srvPort
65448
Successfully changed project path to: /Users/cyro.guimaraes/projetos/individual/projectPenha
/Users/cyro.guimaraes/projetos/individual/projectPenha
Using Asset Import Pipeline V2.
Refreshing native plugins compatible for Editor in 107.59 ms, found 4 plugins.
Preloading 0 native plugins for Editor in 0.00 ms.
Initialize engine version: 2020.3.28f1 (f5400f52e03f)
[Subsystems] Discovering subsystems at path /Applications/Unity/Hub/Editor/2020.3.28f1/Unity.app/Contents/Resources/UnitySubsystems
[Subsystems] Discovering subsystems at path /Users/cyro.guimaraes/projetos/individual/projectPenha/Assets
GfxDevice: creating device client; threaded=0
2022-03-29 17:54:48.154 Unity[24730:9081153] Color LCD preferred device: Intel(R) Iris(TM) Plus Graphics 655 (low power)
2022-03-29 17:54:48.154 Unity[24730:9081153] Metal devices available: 1
2022-03-29 17:54:48.154 Unity[24730:9081153] 0: Intel(R) Iris(TM) Plus Graphics 655 (low power)
2022-03-29 17:54:48.154 Unity[24730:9081153] Using device Intel(R) Iris(TM) Plus Graphics 655 (low power)
Initializing Metal device caps: Intel(R) Iris(TM) Plus Graphics 655
Initialize mono
Mono path[0] = '/Applications/Unity/Hub/Editor/2020.3.28f1/Unity.app/Contents/Managed'
Mono path[1] = '/Applications/Unity/Hub/Editor/2020.3.28f1/Unity.app/Contents/MonoBleedingEdge/lib/mono/unityjit'
Mono config path = '/Applications/Unity/Hub/Editor/2020.3.28f1/Unity.app/Contents/MonoBleedingEdge/etc'
Using monoOptions --debugger-agent=transport=dt_socket,embedding=1,server=y,suspend=n,address=127.0.0.1:56730
Begin MonoManager ReloadAssembly
Registering precompiled unity dll's ...
Register platform support module: /Applications/Unity/Hub/Editor/2020.3.28f1/PlaybackEngines/WebGLSupport/UnityEditor.WebGL.Extensions.dll
Register platform support module: /Applications/Unity/Hub/Editor/2020.3.28f1/Unity.app/Contents/PlaybackEngines/MacStandaloneSupport/UnityEditor.OSXStandalone.Extensions.dll
Register platform support module: /Applications/Unity/Hub/Editor/2020.3.28f1/PlaybackEngines/WindowsStandaloneSupport/UnityEditor.WindowsStandalone.Extensions.dll
Register platform support module: /Applications/Unity/Hub/Editor/2020.3.28f1/PlaybackEngines/LinuxStandaloneSupport/UnityEditor.LinuxStandalone.Extensions.dll
Registered in 0.004050 seconds.
Native extension for LinuxStandalone target not found
Native extension for WindowsStandalone target not found
Native extension for OSXStandalone target not found
Native extension for WebGL target not found
Refreshing native plugins compatible for Editor in 109.29 ms, found 4 plugins.
Preloading 0 native plugins for Editor in 0.00 ms.
Mono: successfully reloaded assembly
- Completed reload, in  1.058 seconds
Domain Reload Profiling:
	ReloadAssembly (1059ms)
		BeginReloadAssembly (138ms)
			ExecutionOrderSort (0ms)
			DisableScriptedObjects (0ms)
			BackupInstance (0ms)
			ReleaseScriptingObjects (0ms)
			CreateAndSetChildDomain (1ms)
		EndReloadAssembly (805ms)
			LoadAssemblies (141ms)
			RebuildTransferFunctionScriptingTraits (0ms)
			SetupTypeCache (288ms)
			ReleaseScriptCaches (0ms)
			RebuildScriptCaches (54ms)
			SetupLoadedEditorAssemblies (333ms)
				LogAssemblyErrors (0ms)
				InitializePlatformSupportModulesInManaged (12ms)
				SetLoadedEditorAssemblies (0ms)
				RefreshPlugins (109ms)
				BeforeProcessingInitializeOnLoad (17ms)
				ProcessInitializeOnLoadAttributes (148ms)
				ProcessInitializeOnLoadMethodAttributes (45ms)
				AfterProcessingInitializeOnLoad (0ms)
				EditorAssembliesLoaded (0ms)
			ExecutionOrderSort2 (0ms)
			AwakeInstancesAfterBackupRestoration (0ms)
Platform modules already initialized, skipping
Registering precompiled user dll's ...
Registered in 0.008605 seconds.
Begin MonoManager ReloadAssembly
Native extension for LinuxStandalone target not found
Native extension for WindowsStandalone target not found
Native extension for OSXStandalone target not found
Native extension for WebGL target not found
Refreshing native plugins compatible for Editor in 88.48 ms, found 4 plugins.
Preloading 0 native plugins for Editor in 0.00 ms.
Mono: successfully reloaded assembly
- Completed reload, in  1.848 seconds
Domain Reload Profiling:
	ReloadAssembly (1849ms)
		BeginReloadAssembly (224ms)
			ExecutionOrderSort (0ms)
			DisableScriptedObjects (10ms)
			BackupInstance (0ms)
			ReleaseScriptingObjects (0ms)
			CreateAndSetChildDomain (40ms)
		EndReloadAssembly (1544ms)
			LoadAssemblies (161ms)
			RebuildTransferFunctionScriptingTraits (0ms)
			SetupTypeCache (586ms)
			ReleaseScriptCaches (1ms)
			RebuildScriptCaches (94ms)
			SetupLoadedEditorAssemblies (528ms)
				LogAssemblyErrors (0ms)
				InitializePlatformSupportModulesInManaged (17ms)
				SetLoadedEditorAssemblies (0ms)
				RefreshPlugins (89ms)
				BeforeProcessingInitializeOnLoad (120ms)
				ProcessInitializeOnLoadAttributes (285ms)
				ProcessInitializeOnLoadMethodAttributes (17ms)
				AfterProcessingInitializeOnLoad (1ms)
				EditorAssembliesLoaded (0ms)
			ExecutionOrderSort2 (0ms)
			AwakeInstancesAfterBackupRestoration (10ms)
Platform modules already initialized, skipping
Validating Project structure ... 0.004352 seconds.
Shader import version has changed; will reimport all shaders...
Upgrading shader files ...0.017197 seconds.
Application.AssetDatabase Initial Script Refresh Start
RefreshInfo: InitialScriptRefreshV2(NoUpdateAssetOptions) scanfilter:  ... 1 filters
RefreshProfiler: Total: 0.000ms
Application.AssetDatabase Initial Script Refresh End
Application.AssetDatabase.Refresh Start
Application.AssetDatabase.Refresh End
RefreshInfo: StopAssetImportingV2(ForceSynchronousImport) scanfilter: 
RefreshProfiler: Total: 0.000ms
Launching external process: /Applications/Unity/Hub/Editor/2020.3.28f1/Unity.app/Contents/Tools/UnityShaderCompiler
Launched and connected shader compiler UnityShaderCompiler after 0.03 seconds
Initializing Unity extensions:
2022-03-29 17:55:04.068 Unity[24730:9081153] NSEventModifierFlagFunction specified to -setKeyEquivalentModifierMask: for item <NSMenuItem: 0x60000115d960 Quick Recording, ke='Command-F10'>, but is only supported for system-provided menu items; will not be used
2022-03-29 17:55:04.072 Unity[24730:9081153] NSEventModifierFlagFunction specified to -setKeyEquivalentModifierMask: for item <NSMenuItem: 0x600001156a70 Font Asset, ke='Command-F12'>, but is only supported for system-provided menu items; will not be used
2022-03-29 17:55:04.076 Unity[24730:9081153] NSEventModifierFlagFunction specified to -setKeyEquivalentModifierMask: for item <NSMenuItem: 0x6000011749a0 Quick Recording, ke='Command-F10'>, but is only supported for system-provided menu items; will not be used
2022-03-29 17:55:04.079 Unity[24730:9081153] NSEventModifierFlagFunction specified to -setKeyEquivalentModifierMask: for item <NSMenuItem: 0x600001178070 Font Asset, ke='Command-F12'>, but is only supported for system-provided menu items; will not be used
========================================================================
Worker process is ready to serve import requests
Refreshing native plugins compatible for Editor in 1.07 ms, found 4 plugins.
Preloading 0 native plugins for Editor in 0.00 ms.
Unloading 3167 Unused Serialized files (Serialized files now loaded: 0)
System memory in use before: 278.1 MB.
System memory in use after: 276.8 MB.

Unloading 198 unused Assets to reduce memory usage. Loaded Objects now: 3619.
Total: 8.150029 ms (FindLiveObjects: 0.381658 ms CreateObjectMapping: 0.153433 ms MarkObjects: 4.219932 ms  DeleteObjects: 3.393601 ms)

AssetImportParameters requested are different than current active one (requested -> active):
  custom:video-decoder-ogg-theora: a1e56fd34408186e4bbccfd4996cb3dc -> 
  custom:container-muxer-webm: aa71ff27fc2769a1b78a27578f13a17b -> 
  custom:container-demuxer-webm: 4f35f7cbe854078d1ac9338744f61a02 -> 
  custom:container-demuxer-ogg: 62fdf1f143b41e24485cea50d1cbac27 -> 
  custom:video-encoder-webm-vp8: eb34c28f22e8b96e1ab97ce403110664 -> 
  custom:framework-osx-AVFoundation: e770b220cccbd017edd2c1fefb359320 -> 
  custom:video-decoder-webm-vp8: 9c59270c3fd7afecdb556c50c9e8de78 -> 
  custom:audio-decoder-ogg-vorbis: bf7c407c2cedff20999df2af8eb42d56 -> 
  custom:audio-encoder-webm-vorbis: bf7c407c2cedff20999df2af8eb42d56 -> 
========================================================================
Received Import Request.
  path: Packages/com.unity.render-pipelines.universal/Runtime/Materials/ParticlesUnlit.mat
  artifactKey: Guid(e823cd5b5d27c0f4b8256e7c12ee3e6d) Importer(815301076,1909f56bfc062723c751e8b465ee728b)
Start importing Packages/com.unity.render-pipelines.universal/Runtime/Materials/ParticlesUnlit.mat using Guid(e823cd5b5d27c0f4b8256e7c12ee3e6d) Importer(815301076,1909f56bfc062723c751e8b465ee728b)  -> (artifact id: 'bfd469313514b07fe8bde327b47279f3') in 0.644185 seconds 
  Import took 0.657633 seconds .

========================================================================
Received Import Request.
  Time since last request: 2649.592485 seconds.
  path: Assets/Prefabs/AdventureCanvasGameState.prefab
  artifactKey: Guid(b34eefd507a9a4db3b8ba9e46c37b267) Importer(815301076,1909f56bfc062723c751e8b465ee728b)
Start importing Assets/Prefabs/AdventureCanvasGameState.prefab using Guid(b34eefd507a9a4db3b8ba9e46c37b267) Importer(815301076,1909f56bfc062723c751e8b465ee728b)  -> (artifact id: '229508fe82c1f9d353ded897acd2cc4c') in 0.815438 seconds 
  Import took 1.045344 seconds .

========================================================================
Received Import Request.
  Time since last request: 0.000300 seconds.
  path: Assets/Prefabs/SurivalCanvasGameState.prefab
  artifactKey: Guid(28aa30440eaad41f3bf650b8363d97af) Importer(815301076,1909f56bfc062723c751e8b465ee728b)
Start importing Assets/Prefabs/SurivalCanvasGameState.prefab using Guid(28aa30440eaad41f3bf650b8363d97af) Importer(815301076,1909f56bfc062723c751e8b465ee728b)  -> (artifact id: '6c2931b99da848e540490005daef6b81') in 0.063284 seconds 
  Import took 0.070232 seconds .

========================================================================
Received Import Request.
  Time since last request: 0.000348 seconds.
  path: Assets/Prefabs/Player.prefab
  artifactKey: Guid(f815b9402f6094d46ab5c12abad0d2f0) Importer(815301076,1909f56bfc062723c751e8b465ee728b)
Start importing Assets/Prefabs/Player.prefab using Guid(f815b9402f6094d46ab5c12abad0d2f0) Importer(815301076,1909f56bfc062723c751e8b465ee728b)  -> (artifact id: '0bea29c3da61bf014dd510e74004240e') in 0.025724 seconds 
  Import took 0.033206 seconds .

========================================================================
Received Import Request.
  Time since last request: 7.361399 seconds.
  path: Assets/Prefabs/Particle System.prefab
  artifactKey: Guid(2234a3b060881438da0ec17400bd935d) Importer(815301076,1909f56bfc062723c751e8b465ee728b)
Start importing Assets/Prefabs/Particle System.prefab using Guid(2234a3b060881438da0ec17400bd935d) Importer(815301076,1909f56bfc062723c751e8b465ee728b)  -> (artifact id: 'dde832fb9243f64be87c9e8ee9cd335e') in 0.043608 seconds 
  Import took 0.051289 seconds .

========================================================================
Received Prepare
Registering precompiled user dll's ...
Registered in 0.008292 seconds.
Begin MonoManager ReloadAssembly
Native extension for LinuxStandalone target not found
Native extension for WindowsStandalone target not found
Native extension for OSXStandalone target not found
Native extension for WebGL target not found
Refreshing native plugins compatible for Editor in 0.77 ms, found 4 plugins.
Preloading 0 native plugins for Editor in 0.00 ms.
2022-03-29 18:42:19.858 Unity[24730:9081153] NSEventModifierFlagFunction specified to -setKeyEquivalentModifierMask: for item <NSMenuItem: 0x600001150d20 Quick Recording, ke='Command-F10'>, but is only supported for system-provided menu items; will not be used
2022-03-29 18:42:19.864 Unity[24730:9081153] NSEventModifierFlagFunction specified to -setKeyEquivalentModifierMask: for item <NSMenuItem: 0x600001121f10 Font Asset, ke='Command-F12'>, but is only supported for system-provided menu items; will not be used
Mono: successfully reloaded assembly
- Completed reload, in  1.988 seconds
Domain Reload Profiling:
	ReloadAssembly (1997ms)
		BeginReloadAssembly (458ms)
			ExecutionOrderSort (0ms)
			DisableScriptedObjects (46ms)
			BackupInstance (0ms)
			ReleaseScriptingObjects (2ms)
			CreateAndSetChildDomain (219ms)
		EndReloadAssembly (1411ms)
			LoadAssemblies (212ms)
			RebuildTransferFunctionScriptingTraits (0ms)
			SetupTypeCache (504ms)
			ReleaseScriptCaches (2ms)
			RebuildScriptCaches (84ms)
			SetupLoadedEditorAssemblies (444ms)
				LogAssemblyErrors (0ms)
				InitializePlatformSupportModulesInManaged (19ms)
				SetLoadedEditorAssemblies (1ms)
				RefreshPlugins (1ms)
				BeforeProcessingInitializeOnLoad (171ms)
				ProcessInitializeOnLoadAttributes (240ms)
				ProcessInitializeOnLoadMethodAttributes (11ms)
				AfterProcessingInitializeOnLoad (1ms)
				EditorAssembliesLoaded (0ms)
			ExecutionOrderSort2 (0ms)
			AwakeInstancesAfterBackupRestoration (21ms)
Platform modules already initialized, skipping
Refreshing native plugins compatible for Editor in 0.77 ms, found 4 plugins.
Preloading 0 native plugins for Editor in 0.00 ms.
Unloading 2995 Unused Serialized files (Serialized files now loaded: 0)
System memory in use before: 278.4 MB.
System memory in use after: 278.6 MB.

Unloading 37 unused Assets to reduce memory usage. Loaded Objects now: 3716.
Total: 5.760871 ms (FindLiveObjects: 0.339874 ms CreateObjectMapping: 0.196718 ms MarkObjects: 4.266616 ms  DeleteObjects: 0.956402 ms)

AssetImportParameters requested are different than current active one (requested -> active):
  custom:video-decoder-ogg-theora: a1e56fd34408186e4bbccfd4996cb3dc -> 
  custom:container-muxer-webm: aa71ff27fc2769a1b78a27578f13a17b -> 
  custom:container-demuxer-webm: 4f35f7cbe854078d1ac9338744f61a02 -> 
  custom:container-demuxer-ogg: 62fdf1f143b41e24485cea50d1cbac27 -> 
  custom:video-encoder-webm-vp8: eb34c28f22e8b96e1ab97ce403110664 -> 
  custom:framework-osx-AVFoundation: e770b220cccbd017edd2c1fefb359320 -> 
  custom:video-decoder-webm-vp8: 9c59270c3fd7afecdb556c50c9e8de78 -> 
  custom:audio-decoder-ogg-vorbis: bf7c407c2cedff20999df2af8eb42d56 -> 
  custom:audio-encoder-webm-vorbis: bf7c407c2cedff20999df2af8eb42d56 -> 
========================================================================
Received Import Request.
  Time since last request: 177.476199 seconds.
  path: Assets/Prefabs/ChaserBullet Variant.prefab
  artifactKey: Guid(49f8faed6327f4f51947bf6f01754159) Importer(815301076,1909f56bfc062723c751e8b465ee728b)
Start importing Assets/Prefabs/ChaserBullet Variant.prefab using Guid(49f8faed6327f4f51947bf6f01754159) Importer(815301076,1909f56bfc062723c751e8b465ee728b)  -> (artifact id: '96ebcd8f9e4c2669f5cfbe896595f923') in 0.192221 seconds 
  Import took 0.199816 seconds .

========================================================================
Received Import Request.
  Time since last request: 0.000363 seconds.
  path: Assets/Prefabs/Bullet.prefab
  artifactKey: Guid(900a2c35a1067d74d99fc5d873d9e150) Importer(815301076,1909f56bfc062723c751e8b465ee728b)
Start importing Assets/Prefabs/Bullet.prefab using Guid(900a2c35a1067d74d99fc5d873d9e150) Importer(815301076,1909f56bfc062723c751e8b465ee728b)  -> (artifact id: 'e23d0ad231439f03cea6cc415d1e3efb') in 0.223202 seconds 
  Import took 0.230140 seconds .

========================================================================
Received Import Request.
  Time since last request: 6.661015 seconds.
  path: Assets/Prefabs/Bullet.prefab
  artifactKey: Guid(900a2c35a1067d74d99fc5d873d9e150) Importer(815301076,1909f56bfc062723c751e8b465ee728b)
Start importing Assets/Prefabs/Bullet.prefab using Guid(900a2c35a1067d74d99fc5d873d9e150) Importer(815301076,1909f56bfc062723c751e8b465ee728b)  -> (artifact id: '6423b21810520c1271f5e7bcdd703a3e') in 0.021069 seconds 
  Import took 0.028200 seconds .

========================================================================
Received Import Request.
  Time since last request: 0.000230 seconds.
  path: Assets/Prefabs/ChaserBullet Variant.prefab
  artifactKey: Guid(49f8faed6327f4f51947bf6f01754159) Importer(815301076,1909f56bfc062723c751e8b465ee728b)
Start importing Assets/Prefabs/ChaserBullet Variant.prefab using Guid(49f8faed6327f4f51947bf6f01754159) Importer(815301076,1909f56bfc062723c751e8b465ee728b)  -> (artifact id: '44671727d3cdd842641a4af1ea3e7679') in 0.010950 seconds 
  Import took 0.016494 seconds .

========================================================================
Received Prepare
Registering precompiled user dll's ...
Registered in 0.007470 seconds.
Begin MonoManager ReloadAssembly
Native extension for LinuxStandalone target not found
Native extension for WindowsStandalone target not found
Native extension for OSXStandalone target not found
Native extension for WebGL target not found
Refreshing native plugins compatible for Editor in 0.99 ms, found 4 plugins.
Preloading 0 native plugins for Editor in 0.00 ms.
2022-03-29 18:44:11.315 Unity[24730:9081153] NSEventModifierFlagFunction specified to -setKeyEquivalentModifierMask: for item <NSMenuItem: 0x60000115dc00 Quick Recording, ke='Command-F10'>, but is only supported for system-provided menu items; will not be used
2022-03-29 18:44:11.320 Unity[24730:9081153] NSEventModifierFlagFunction specified to -setKeyEquivalentModifierMask: for item <NSMenuItem: 0x6000011368b0 Font Asset, ke='Command-F12'>, but is only supported for system-provided menu items; will not be used
Mono: successfully reloaded assembly
- Completed reload, in  1.919 seconds
Domain Reload Profiling:
	ReloadAssembly (1921ms)
		BeginReloadAssembly (347ms)
			ExecutionOrderSort (0ms)
			DisableScriptedObjects (23ms)
			BackupInstance (0ms)
			ReleaseScriptingObjects (0ms)
			CreateAndSetChildDomain (172ms)
		EndReloadAssembly (1472ms)
			LoadAssemblies (156ms)
			RebuildTransferFunctionScriptingTraits (0ms)
			SetupTypeCache (560ms)
			ReleaseScriptCaches (2ms)
			RebuildScriptCaches (79ms)
			SetupLoadedEditorAssemblies (457ms)
				LogAssemblyErrors (0ms)
				InitializePlatformSupportModulesInManaged (18ms)
				SetLoadedEditorAssemblies (1ms)
				RefreshPlugins (1ms)
				BeforeProcessingInitializeOnLoad (175ms)
				ProcessInitializeOnLoadAttributes (251ms)
				ProcessInitializeOnLoadMethodAttributes (10ms)
				AfterProcessingInitializeOnLoad (1ms)
				EditorAssembliesLoaded (0ms)
			ExecutionOrderSort2 (0ms)
			AwakeInstancesAfterBackupRestoration (25ms)
Platform modules already initialized, skipping
Refreshing native plugins compatible for Editor in 0.75 ms, found 4 plugins.
Preloading 0 native plugins for Editor in 0.00 ms.
Unloading 2995 Unused Serialized files (Serialized files now loaded: 0)
System memory in use before: 279.6 MB.
System memory in use after: 279.9 MB.

Unloading 33 unused Assets to reduce memory usage. Loaded Objects now: 3765.
Total: 4.261614 ms (FindLiveObjects: 0.330966 ms CreateObjectMapping: 0.179282 ms MarkObjects: 3.708634 ms  DeleteObjects: 0.041783 ms)

AssetImportParameters requested are different than current active one (requested -> active):
  custom:video-decoder-ogg-theora: a1e56fd34408186e4bbccfd4996cb3dc -> 
  custom:container-muxer-webm: aa71ff27fc2769a1b78a27578f13a17b -> 
  custom:container-demuxer-webm: 4f35f7cbe854078d1ac9338744f61a02 -> 
  custom:container-demuxer-ogg: 62fdf1f143b41e24485cea50d1cbac27 -> 
  custom:video-encoder-webm-vp8: eb34c28f22e8b96e1ab97ce403110664 -> 
  custom:framework-osx-AVFoundation: e770b220cccbd017edd2c1fefb359320 -> 
  custom:video-decoder-webm-vp8: 9c59270c3fd7afecdb556c50c9e8de78 -> 
  custom:audio-decoder-ogg-vorbis: bf7c407c2cedff20999df2af8eb42d56 -> 
  custom:audio-encoder-webm-vorbis: bf7c407c2cedff20999df2af8eb42d56 -> 
========================================================================
Received Prepare
Registering precompiled user dll's ...
Registered in 0.010048 seconds.
Begin MonoManager ReloadAssembly
Native extension for LinuxStandalone target not found
Native extension for WindowsStandalone target not found
Native extension for OSXStandalone target not found
Native extension for WebGL target not found
Refreshing native plugins compatible for Editor in 0.82 ms, found 4 plugins.
Preloading 0 native plugins for Editor in 0.00 ms.
2022-03-29 18:45:12.607 Unity[24730:9081153] NSEventModifierFlagFunction specified to -setKeyEquivalentModifierMask: for item <NSMenuItem: 0x60000114a290 Quick Recording, ke='Command-F10'>, but is only supported for system-provided menu items; will not be used
2022-03-29 18:45:12.611 Unity[24730:9081153] NSEventModifierFlagFunction specified to -setKeyEquivalentModifierMask: for item <NSMenuItem: 0x600001137870 Font Asset, ke='Command-F12'>, but is only supported for system-provided menu items; will not be used
Mono: successfully reloaded assembly
- Completed reload, in  1.955 seconds
Domain Reload Profiling:
	ReloadAssembly (1957ms)
		BeginReloadAssembly (280ms)
			ExecutionOrderSort (0ms)
			DisableScriptedObjects (13ms)
			BackupInstance (0ms)
			ReleaseScriptingObjects (0ms)
			CreateAndSetChildDomain (119ms)
		EndReloadAssembly (1586ms)
			LoadAssemblies (196ms)
			RebuildTransferFunctionScriptingTraits (0ms)
			SetupTypeCache (519ms)
			ReleaseScriptCaches (3ms)
			RebuildScriptCaches (102ms)
			SetupLoadedEditorAssemblies (512ms)
				LogAssemblyErrors (0ms)
				InitializePlatformSupportModulesInManaged (19ms)
				SetLoadedEditorAssemblies (1ms)
				RefreshPlugins (1ms)
				BeforeProcessingInitializeOnLoad (168ms)
				ProcessInitializeOnLoadAttributes (307ms)
				ProcessInitializeOnLoadMethodAttributes (14ms)
				AfterProcessingInitializeOnLoad (1ms)
				EditorAssembliesLoaded (0ms)
			ExecutionOrderSort2 (0ms)
			AwakeInstancesAfterBackupRestoration (41ms)
Platform modules already initialized, skipping
Refreshing native plugins compatible for Editor in 0.77 ms, found 4 plugins.
Preloading 0 native plugins for Editor in 0.00 ms.
Unloading 2995 Unused Serialized files (Serialized files now loaded: 0)
System memory in use before: 279.9 MB.
System memory in use after: 280.2 MB.

Unloading 33 unused Assets to reduce memory usage. Loaded Objects now: 3778.
Total: 5.004989 ms (FindLiveObjects: 0.350811 ms CreateObjectMapping: 0.200308 ms MarkObjects: 4.411470 ms  DeleteObjects: 0.041386 ms)

AssetImportParameters requested are different than current active one (requested -> active):
  custom:video-decoder-ogg-theora: a1e56fd34408186e4bbccfd4996cb3dc -> 
  custom:container-muxer-webm: aa71ff27fc2769a1b78a27578f13a17b -> 
  custom:container-demuxer-webm: 4f35f7cbe854078d1ac9338744f61a02 -> 
  custom:container-demuxer-ogg: 62fdf1f143b41e24485cea50d1cbac27 -> 
  custom:video-encoder-webm-vp8: eb34c28f22e8b96e1ab97ce403110664 -> 
  custom:framework-osx-AVFoundation: e770b220cccbd017edd2c1fefb359320 -> 
  custom:video-decoder-webm-vp8: 9c59270c3fd7afecdb556c50c9e8de78 -> 
  custom:audio-decoder-ogg-vorbis: bf7c407c2cedff20999df2af8eb42d56 -> 
  custom:audio-encoder-webm-vorbis: bf7c407c2cedff20999df2af8eb42d56 -> 
========================================================================
Received Prepare
Registering precompiled user dll's ...
Registered in 0.009827 seconds.
Begin MonoManager ReloadAssembly
Native extension for LinuxStandalone target not found
Native extension for WindowsStandalone target not found
Native extension for OSXStandalone target not found
Native extension for WebGL target not found
Refreshing native plugins compatible for Editor in 0.79 ms, found 4 plugins.
Preloading 0 native plugins for Editor in 0.00 ms.
2022-03-29 18:45:46.104 Unity[24730:9081153] NSEventModifierFlagFunction specified to -setKeyEquivalentModifierMask: for item <NSMenuItem: 0x6000011527d0 Quick Recording, ke='Command-F10'>, but is only supported for system-provided menu items; will not be used
2022-03-29 18:45:46.107 Unity[24730:9081153] NSEventModifierFlagFunction specified to -setKeyEquivalentModifierMask: for item <NSMenuItem: 0x60000113bf70 Font Asset, ke='Command-F12'>, but is only supported for system-provided menu items; will not be used
Mono: successfully reloaded assembly
- Completed reload, in  1.963 seconds
Domain Reload Profiling:
	ReloadAssembly (1965ms)
		BeginReloadAssembly (303ms)
			ExecutionOrderSort (0ms)
			DisableScriptedObjects (12ms)
			BackupInstance (0ms)
			ReleaseScriptingObjects (0ms)
			CreateAndSetChildDomain (135ms)
		EndReloadAssembly (1578ms)
			LoadAssemblies (205ms)
			RebuildTransferFunctionScriptingTraits (0ms)
			SetupTypeCache (471ms)
			ReleaseScriptCaches (2ms)
			RebuildScriptCaches (76ms)
			SetupLoadedEditorAssemblies (615ms)
				LogAssemblyErrors (0ms)
				InitializePlatformSupportModulesInManaged (20ms)
				SetLoadedEditorAssemblies (1ms)
				RefreshPlugins (1ms)
				BeforeProcessingInitializeOnLoad (189ms)
				ProcessInitializeOnLoadAttributes (389ms)
				ProcessInitializeOnLoadMethodAttributes (14ms)
				AfterProcessingInitializeOnLoad (1ms)
				EditorAssembliesLoaded (0ms)
			ExecutionOrderSort2 (0ms)
			AwakeInstancesAfterBackupRestoration (29ms)
Platform modules already initialized, skipping
Refreshing native plugins compatible for Editor in 0.74 ms, found 4 plugins.
Preloading 0 native plugins for Editor in 0.00 ms.
Unloading 2995 Unused Serialized files (Serialized files now loaded: 0)
System memory in use before: 280.2 MB.
System memory in use after: 280.4 MB.

Unloading 33 unused Assets to reduce memory usage. Loaded Objects now: 3791.
Total: 4.131938 ms (FindLiveObjects: 0.296175 ms CreateObjectMapping: 0.153345 ms MarkObjects: 3.648386 ms  DeleteObjects: 0.033213 ms)

AssetImportParameters requested are different than current active one (requested -> active):
  custom:video-decoder-ogg-theora: a1e56fd34408186e4bbccfd4996cb3dc -> 
  custom:container-muxer-webm: aa71ff27fc2769a1b78a27578f13a17b -> 
  custom:container-demuxer-webm: 4f35f7cbe854078d1ac9338744f61a02 -> 
  custom:container-demuxer-ogg: 62fdf1f143b41e24485cea50d1cbac27 -> 
  custom:video-encoder-webm-vp8: eb34c28f22e8b96e1ab97ce403110664 -> 
  custom:framework-osx-AVFoundation: e770b220cccbd017edd2c1fefb359320 -> 
  custom:video-decoder-webm-vp8: 9c59270c3fd7afecdb556c50c9e8de78 -> 
  custom:audio-decoder-ogg-vorbis: bf7c407c2cedff20999df2af8eb42d56 -> 
  custom:audio-encoder-webm-vorbis: bf7c407c2cedff20999df2af8eb42d56 -> 
========================================================================
Received Import Request.
  Time since last request: 527.012134 seconds.
  path: Assets/Prefabs/Particle System.prefab
  artifactKey: Guid(2234a3b060881438da0ec17400bd935d) Importer(815301076,1909f56bfc062723c751e8b465ee728b)
Start importing Assets/Prefabs/Particle System.prefab using Guid(2234a3b060881438da0ec17400bd935d) Importer(815301076,1909f56bfc062723c751e8b465ee728b)  -> (artifact id: 'ffafce62931b50c70f9b3a5a53c6b4f6') in 1.465364 seconds 
  Import took 1.853658 seconds .

========================================================================
Received Prepare
Registering precompiled user dll's ...
Registered in 0.011725 seconds.
Begin MonoManager ReloadAssembly
Native extension for LinuxStandalone target not found
Native extension for WindowsStandalone target not found
Native extension for OSXStandalone target not found
Native extension for WebGL target not found
Refreshing native plugins compatible for Editor in 0.88 ms, found 4 plugins.
Preloading 0 native plugins for Editor in 0.00 ms.
2022-03-29 20:21:59.623 Unity[24730:9081153] NSEventModifierFlagFunction specified to -setKeyEquivalentModifierMask: for item <NSMenuItem: 0x60000112fc60 Quick Recording, ke='Command-F10'>, but is only supported for system-provided menu items; will not be used
2022-03-29 20:21:59.630 Unity[24730:9081153] NSEventModifierFlagFunction specified to -setKeyEquivalentModifierMask: for item <NSMenuItem: 0x6000011323e0 Font Asset, ke='Command-F12'>, but is only supported for system-provided menu items; will not be used
Mono: successfully reloaded assembly
- Completed reload, in  1.969 seconds
Domain Reload Profiling:
	ReloadAssembly (1970ms)
		BeginReloadAssembly (397ms)
			ExecutionOrderSort (0ms)
			DisableScriptedObjects (19ms)
			BackupInstance (0ms)
			ReleaseScriptingObjects (0ms)
			CreateAndSetChildDomain (216ms)
		EndReloadAssembly (1486ms)
			LoadAssemblies (189ms)
			RebuildTransferFunctionScriptingTraits (0ms)
			SetupTypeCache (525ms)
			ReleaseScriptCaches (2ms)
			RebuildScriptCaches (84ms)
			SetupLoadedEditorAssemblies (490ms)
				LogAssemblyErrors (0ms)
				InitializePlatformSupportModulesInManaged (18ms)
				SetLoadedEditorAssemblies (1ms)
				RefreshPlugins (1ms)
				BeforeProcessingInitializeOnLoad (182ms)
				ProcessInitializeOnLoadAttributes (277ms)
				ProcessInitializeOnLoadMethodAttributes (10ms)
				AfterProcessingInitializeOnLoad (1ms)
				EditorAssembliesLoaded (0ms)
			ExecutionOrderSort2 (0ms)
			AwakeInstancesAfterBackupRestoration (25ms)
Platform modules already initialized, skipping
Refreshing native plugins compatible for Editor in 0.93 ms, found 4 plugins.
Preloading 0 native plugins for Editor in 0.00 ms.
Unloading 2995 Unused Serialized files (Serialized files now loaded: 0)
System memory in use before: 280.4 MB.
System memory in use after: 280.7 MB.

Unloading 33 unused Assets to reduce memory usage. Loaded Objects now: 3840.
Total: 5.950781 ms (FindLiveObjects: 0.570553 ms CreateObjectMapping: 0.251580 ms MarkObjects: 5.070627 ms  DeleteObjects: 0.056870 ms)

AssetImportParameters requested are different than current active one (requested -> active):
  custom:video-decoder-ogg-theora: a1e56fd34408186e4bbccfd4996cb3dc -> 
  custom:container-muxer-webm: aa71ff27fc2769a1b78a27578f13a17b -> 
  custom:container-demuxer-webm: 4f35f7cbe854078d1ac9338744f61a02 -> 
  custom:container-demuxer-ogg: 62fdf1f143b41e24485cea50d1cbac27 -> 
  custom:video-encoder-webm-vp8: eb34c28f22e8b96e1ab97ce403110664 -> 
  custom:framework-osx-AVFoundation: e770b220cccbd017edd2c1fefb359320 -> 
  custom:video-decoder-webm-vp8: 9c59270c3fd7afecdb556c50c9e8de78 -> 
  custom:audio-decoder-ogg-vorbis: bf7c407c2cedff20999df2af8eb42d56 -> 
  custom:audio-encoder-webm-vorbis: bf7c407c2cedff20999df2af8eb42d56 -> 
========================================================================
Received Import Request.
  Time since last request: 25.886499 seconds.
  path: Assets/Prefabs/Particle System.prefab
  artifactKey: Guid(2234a3b060881438da0ec17400bd935d) Importer(815301076,1909f56bfc062723c751e8b465ee728b)
Start importing Assets/Prefabs/Particle System.prefab using Guid(2234a3b060881438da0ec17400bd935d) Importer(815301076,1909f56bfc062723c751e8b465ee728b)  -> (artifact id: '7b8a4d15746be433203003ee48fed0d8') in 0.203560 seconds 
  Import took 0.211312 seconds .

========================================================================
Received Prepare
Registering precompiled user dll's ...
Registered in 0.010968 seconds.
Begin MonoManager ReloadAssembly
Native extension for LinuxStandalone target not found
Native extension for WindowsStandalone target not found
Native extension for OSXStandalone target not found
Native extension for WebGL target not found
Refreshing native plugins compatible for Editor in 0.83 ms, found 4 plugins.
Preloading 0 native plugins for Editor in 0.00 ms.
2022-03-29 20:23:07.375 Unity[24730:9081153] NSEventModifierFlagFunction specified to -setKeyEquivalentModifierMask: for item <NSMenuItem: 0x60000115dff0 Quick Recording, ke='Command-F10'>, but is only supported for system-provided menu items; will not be used
2022-03-29 20:23:07.380 Unity[24730:9081153] NSEventModifierFlagFunction specified to -setKeyEquivalentModifierMask: for item <NSMenuItem: 0x600001125730 Font Asset, ke='Command-F12'>, but is only supported for system-provided menu items; will not be used
Mono: successfully reloaded assembly
- Completed reload, in  1.806 seconds
Domain Reload Profiling:
	ReloadAssembly (1807ms)
		BeginReloadAssembly (293ms)
			ExecutionOrderSort (0ms)
			DisableScriptedObjects (24ms)
			BackupInstance (0ms)
			ReleaseScriptingObjects (0ms)
			CreateAndSetChildDomain (124ms)
		EndReloadAssembly (1435ms)
			LoadAssemblies (203ms)
			RebuildTransferFunctionScriptingTraits (0ms)
			SetupTypeCache (519ms)
			ReleaseScriptCaches (2ms)
			RebuildScriptCaches (80ms)
			SetupLoadedEditorAssemblies (442ms)
				LogAssemblyErrors (0ms)
				InitializePlatformSupportModulesInManaged (17ms)
				SetLoadedEditorAssemblies (1ms)
				RefreshPlugins (1ms)
				BeforeProcessingInitializeOnLoad (165ms)
				ProcessInitializeOnLoadAttributes (246ms)
				ProcessInitializeOnLoadMethodAttributes (12ms)
				AfterProcessingInitializeOnLoad (1ms)
				EditorAssembliesLoaded (0ms)
			ExecutionOrderSort2 (0ms)
			AwakeInstancesAfterBackupRestoration (25ms)
Platform modules already initialized, skipping
Refreshing native plugins compatible for Editor in 0.92 ms, found 4 plugins.
Preloading 0 native plugins for Editor in 0.00 ms.
Unloading 2995 Unused Serialized files (Serialized files now loaded: 0)
System memory in use before: 280.8 MB.
System memory in use after: 281.1 MB.

Unloading 33 unused Assets to reduce memory usage. Loaded Objects now: 3889.
Total: 4.598369 ms (FindLiveObjects: 0.279365 ms CreateObjectMapping: 0.139072 ms MarkObjects: 4.119742 ms  DeleteObjects: 0.059218 ms)

AssetImportParameters requested are different than current active one (requested -> active):
  custom:video-decoder-ogg-theora: a1e56fd34408186e4bbccfd4996cb3dc -> 
  custom:container-muxer-webm: aa71ff27fc2769a1b78a27578f13a17b -> 
  custom:container-demuxer-webm: 4f35f7cbe854078d1ac9338744f61a02 -> 
  custom:container-demuxer-ogg: 62fdf1f143b41e24485cea50d1cbac27 -> 
  custom:video-encoder-webm-vp8: eb34c28f22e8b96e1ab97ce403110664 -> 
  custom:framework-osx-AVFoundation: e770b220cccbd017edd2c1fefb359320 -> 
  custom:video-decoder-webm-vp8: 9c59270c3fd7afecdb556c50c9e8de78 -> 
  custom:audio-decoder-ogg-vorbis: bf7c407c2cedff20999df2af8eb42d56 -> 
  custom:audio-encoder-webm-vorbis: bf7c407c2cedff20999df2af8eb42d56 -> 
========================================================================
Received Import Request.
  Time since last request: 67.277179 seconds.
  path: Assets/Prefabs/Particle System.prefab
  artifactKey: Guid(2234a3b060881438da0ec17400bd935d) Importer(815301076,1909f56bfc062723c751e8b465ee728b)
Start importing Assets/Prefabs/Particle System.prefab using Guid(2234a3b060881438da0ec17400bd935d) Importer(815301076,1909f56bfc062723c751e8b465ee728b)  -> (artifact id: '151b98212b7446aeed9c1b7563ff8082') in 0.167156 seconds 
  Import took 0.173826 seconds .

========================================================================
Received Import Request.
  Time since last request: 16.439749 seconds.
  path: Assets/Prefabs/Particle System.prefab
  artifactKey: Guid(2234a3b060881438da0ec17400bd935d) Importer(815301076,1909f56bfc062723c751e8b465ee728b)
Start importing Assets/Prefabs/Particle System.prefab using Guid(2234a3b060881438da0ec17400bd935d) Importer(815301076,1909f56bfc062723c751e8b465ee728b)  -> (artifact id: 'adc13fc47eb15c479f80da700dc0b37a') in 0.024841 seconds 
  Import took 0.039375 seconds .

========================================================================
Received Import Request.
  Time since last request: 1.922186 seconds.
  path: Assets/Prefabs/Particle System.prefab
  artifactKey: Guid(2234a3b060881438da0ec17400bd935d) Importer(815301076,1909f56bfc062723c751e8b465ee728b)
Start importing Assets/Prefabs/Particle System.prefab using Guid(2234a3b060881438da0ec17400bd935d) Importer(815301076,1909f56bfc062723c751e8b465ee728b)  -> (artifact id: '9ff950083c7f17bb737f49ca827099f2') in 0.016258 seconds 
  Import took 0.024000 seconds .

========================================================================
Received Import Request.
  Time since last request: 2.651573 seconds.
  path: Assets/Prefabs/Particle System.prefab
  artifactKey: Guid(2234a3b060881438da0ec17400bd935d) Importer(815301076,1909f56bfc062723c751e8b465ee728b)
Start importing Assets/Prefabs/Particle System.prefab using Guid(2234a3b060881438da0ec17400bd935d) Importer(815301076,1909f56bfc062723c751e8b465ee728b)  -> (artifact id: '10b1126c8c1507df67c3854bbd9d3a31') in 0.016945 seconds 
  Import took 0.025414 seconds .

========================================================================
Received Prepare
Registering precompiled user dll's ...
Registered in 0.011245 seconds.
Begin MonoManager ReloadAssembly
Native extension for LinuxStandalone target not found
Native extension for WindowsStandalone target not found
Native extension for OSXStandalone target not found
Native extension for WebGL target not found
Refreshing native plugins compatible for Editor in 0.84 ms, found 4 plugins.
Preloading 0 native plugins for Editor in 0.00 ms.
2022-03-29 20:24:04.431 Unity[24730:9081153] NSEventModifierFlagFunction specified to -setKeyEquivalentModifierMask: for item <NSMenuItem: 0x600001121810 Quick Recording, ke='Command-F10'>, but is only supported for system-provided menu items; will not be used
2022-03-29 20:24:04.435 Unity[24730:9081153] NSEventModifierFlagFunction specified to -setKeyEquivalentModifierMask: for item <NSMenuItem: 0x600001141ff0 Font Asset, ke='Command-F12'>, but is only supported for system-provided menu items; will not be used
Mono: successfully reloaded assembly
- Completed reload, in  1.628 seconds
Domain Reload Profiling:
	ReloadAssembly (1628ms)
		BeginReloadAssembly (198ms)
			ExecutionOrderSort (0ms)
			DisableScriptedObjects (8ms)
			BackupInstance (0ms)
			ReleaseScriptingObjects (0ms)
			CreateAndSetChildDomain (69ms)
		EndReloadAssembly (1357ms)
			LoadAssemblies (182ms)
			RebuildTransferFunctionScriptingTraits (0ms)
			SetupTypeCache (453ms)
			ReleaseScriptCaches (2ms)
			RebuildScriptCaches (76ms)
			SetupLoadedEditorAssemblies (446ms)
				LogAssemblyErrors (0ms)
				InitializePlatformSupportModulesInManaged (18ms)
				SetLoadedEditorAssemblies (1ms)
				RefreshPlugins (1ms)
				BeforeProcessingInitializeOnLoad (172ms)
				ProcessInitializeOnLoadAttributes (240ms)
				ProcessInitializeOnLoadMethodAttributes (13ms)
				AfterProcessingInitializeOnLoad (1ms)
				EditorAssembliesLoaded (0ms)
			ExecutionOrderSort2 (0ms)
			AwakeInstancesAfterBackupRestoration (26ms)
Platform modules already initialized, skipping
Refreshing native plugins compatible for Editor in 0.92 ms, found 4 plugins.
Preloading 0 native plugins for Editor in 0.00 ms.
Unloading 2995 Unused Serialized files (Serialized files now loaded: 0)
System memory in use before: 281.2 MB.
System memory in use after: 281.5 MB.

Unloading 33 unused Assets to reduce memory usage. Loaded Objects now: 3938.
Total: 4.258192 ms (FindLiveObjects: 0.283298 ms CreateObjectMapping: 0.212013 ms MarkObjects: 3.727920 ms  DeleteObjects: 0.034194 ms)

AssetImportParameters requested are different than current active one (requested -> active):
  custom:video-decoder-ogg-theora: a1e56fd34408186e4bbccfd4996cb3dc -> 
  custom:container-muxer-webm: aa71ff27fc2769a1b78a27578f13a17b -> 
  custom:container-demuxer-webm: 4f35f7cbe854078d1ac9338744f61a02 -> 
  custom:container-demuxer-ogg: 62fdf1f143b41e24485cea50d1cbac27 -> 
  custom:video-encoder-webm-vp8: eb34c28f22e8b96e1ab97ce403110664 -> 
  custom:framework-osx-AVFoundation: e770b220cccbd017edd2c1fefb359320 -> 
  custom:video-decoder-webm-vp8: 9c59270c3fd7afecdb556c50c9e8de78 -> 
  custom:audio-decoder-ogg-vorbis: bf7c407c2cedff20999df2af8eb42d56 -> 
  custom:audio-encoder-webm-vorbis: bf7c407c2cedff20999df2af8eb42d56 -> 
========================================================================
Received Import Request.
  Time since last request: 35.737623 seconds.
  path: Assets/Prefabs/Particle System.prefab
  artifactKey: Guid(2234a3b060881438da0ec17400bd935d) Importer(815301076,1909f56bfc062723c751e8b465ee728b)
Start importing Assets/Prefabs/Particle System.prefab using Guid(2234a3b060881438da0ec17400bd935d) Importer(815301076,1909f56bfc062723c751e8b465ee728b)  -> (artifact id: 'c4f877bebd17d8aff1b4fb7829a417cd') in 0.153800 seconds 
  Import took 0.159906 seconds .

========================================================================
Received Import Request.
  Time since last request: 24.983873 seconds.
  path: Assets/Prefabs/Particle System.prefab
  artifactKey: Guid(2234a3b060881438da0ec17400bd935d) Importer(815301076,1909f56bfc062723c751e8b465ee728b)
Start importing Assets/Prefabs/Particle System.prefab using Guid(2234a3b060881438da0ec17400bd935d) Importer(815301076,1909f56bfc062723c751e8b465ee728b)  -> (artifact id: '72d7186df5fe61faf368522c163e7ae8') in 0.047779 seconds 
  Import took 0.057526 seconds .

========================================================================
Received Import Request.
  Time since last request: 1.155664 seconds.
  path: Assets/Prefabs/Particle System.prefab
  artifactKey: Guid(2234a3b060881438da0ec17400bd935d) Importer(815301076,1909f56bfc062723c751e8b465ee728b)
Start importing Assets/Prefabs/Particle System.prefab using Guid(2234a3b060881438da0ec17400bd935d) Importer(815301076,1909f56bfc062723c751e8b465ee728b)  -> (artifact id: 'c71fb357b1a83284b81373238047de66') in 0.014728 seconds 
  Import took 0.023512 seconds .

========================================================================
Received Import Request.
  Time since last request: 4.540911 seconds.
  path: Assets/Prefabs/Particle System.prefab
  artifactKey: Guid(2234a3b060881438da0ec17400bd935d) Importer(815301076,1909f56bfc062723c751e8b465ee728b)
Start importing Assets/Prefabs/Particle System.prefab using Guid(2234a3b060881438da0ec17400bd935d) Importer(815301076,1909f56bfc062723c751e8b465ee728b)  -> (artifact id: '4df85b83daf0672d4899fd90e670fa33') in 0.013420 seconds 
  Import took 0.019925 seconds .

========================================================================
Received Prepare
Registering precompiled user dll's ...
Registered in 0.009275 seconds.
Begin MonoManager ReloadAssembly
Native extension for LinuxStandalone target not found
Native extension for WindowsStandalone target not found
Native extension for OSXStandalone target not found
Native extension for WebGL target not found
Refreshing native plugins compatible for Editor in 0.90 ms, found 4 plugins.
Preloading 0 native plugins for Editor in 0.00 ms.
2022-03-29 20:39:46.905 Unity[24730:9081153] NSEventModifierFlagFunction specified to -setKeyEquivalentModifierMask: for item <NSMenuItem: 0x600001155ea0 Quick Recording, ke='Command-F10'>, but is only supported for system-provided menu items; will not be used
2022-03-29 20:39:46.911 Unity[24730:9081153] NSEventModifierFlagFunction specified to -setKeyEquivalentModifierMask: for item <NSMenuItem: 0x6000011243f0 Font Asset, ke='Command-F12'>, but is only supported for system-provided menu items; will not be used
Mono: successfully reloaded assembly
- Completed reload, in  2.607 seconds
Domain Reload Profiling:
	ReloadAssembly (2609ms)
		BeginReloadAssembly (441ms)
			ExecutionOrderSort (1ms)
			DisableScriptedObjects (34ms)
			BackupInstance (0ms)
			ReleaseScriptingObjects (0ms)
			CreateAndSetChildDomain (199ms)
		EndReloadAssembly (2071ms)
			LoadAssemblies (288ms)
			RebuildTransferFunctionScriptingTraits (0ms)
			SetupTypeCache (922ms)
			ReleaseScriptCaches (4ms)
			RebuildScriptCaches (111ms)
			SetupLoadedEditorAssemblies (541ms)
				LogAssemblyErrors (0ms)
				InitializePlatformSupportModulesInManaged (20ms)
				SetLoadedEditorAssemblies (1ms)
				RefreshPlugins (1ms)
				BeforeProcessingInitializeOnLoad (216ms)
				ProcessInitializeOnLoadAttributes (291ms)
				ProcessInitializeOnLoadMethodAttributes (11ms)
				AfterProcessingInitializeOnLoad (1ms)
				EditorAssembliesLoaded (0ms)
			ExecutionOrderSort2 (0ms)
			AwakeInstancesAfterBackupRestoration (30ms)
Platform modules already initialized, skipping
Refreshing native plugins compatible for Editor in 0.81 ms, found 4 plugins.
Preloading 0 native plugins for Editor in 0.00 ms.
Unloading 2995 Unused Serialized files (Serialized files now loaded: 0)
System memory in use before: 281.6 MB.
System memory in use after: 281.9 MB.

Unloading 33 unused Assets to reduce memory usage. Loaded Objects now: 3987.
Total: 14.295836 ms (FindLiveObjects: 3.912362 ms CreateObjectMapping: 0.219574 ms MarkObjects: 10.111226 ms  DeleteObjects: 0.051453 ms)

AssetImportParameters requested are different than current active one (requested -> active):
  custom:video-decoder-ogg-theora: a1e56fd34408186e4bbccfd4996cb3dc -> 
  custom:container-muxer-webm: aa71ff27fc2769a1b78a27578f13a17b -> 
  custom:container-demuxer-webm: 4f35f7cbe854078d1ac9338744f61a02 -> 
  custom:container-demuxer-ogg: 62fdf1f143b41e24485cea50d1cbac27 -> 
  custom:video-encoder-webm-vp8: eb34c28f22e8b96e1ab97ce403110664 -> 
  custom:framework-osx-AVFoundation: e770b220cccbd017edd2c1fefb359320 -> 
  custom:video-decoder-webm-vp8: 9c59270c3fd7afecdb556c50c9e8de78 -> 
  custom:audio-decoder-ogg-vorbis: bf7c407c2cedff20999df2af8eb42d56 -> 
  custom:audio-encoder-webm-vorbis: bf7c407c2cedff20999df2af8eb42d56 -> 
========================================================================
Received Import Request.
  Time since last request: 76.653472 seconds.
  path: Assets/Prefabs/Particle System.prefab
  artifactKey: Guid(2234a3b060881438da0ec17400bd935d) Importer(815301076,1909f56bfc062723c751e8b465ee728b)
Start importing Assets/Prefabs/Particle System.prefab using Guid(2234a3b060881438da0ec17400bd935d) Importer(815301076,1909f56bfc062723c751e8b465ee728b)  -> (artifact id: 'b8fac735aa7fcee667a86cf271360d9f') in 0.234269 seconds 
  Import took 0.240970 seconds .

========================================================================
Received Import Request.
  Time since last request: 17.176031 seconds.
  path: Assets/Prefabs/Particle System.prefab
  artifactKey: Guid(2234a3b060881438da0ec17400bd935d) Importer(815301076,1909f56bfc062723c751e8b465ee728b)
Start importing Assets/Prefabs/Particle System.prefab using Guid(2234a3b060881438da0ec17400bd935d) Importer(815301076,1909f56bfc062723c751e8b465ee728b)  -> (artifact id: '5f63b078c8c03ff984a6c8207a6f2a27') in 0.025470 seconds 
  Import took 0.038737 seconds .

========================================================================
Received Import Request.
  Time since last request: 3.218423 seconds.
  path: Assets/Prefabs/Particle System.prefab
  artifactKey: Guid(2234a3b060881438da0ec17400bd935d) Importer(815301076,1909f56bfc062723c751e8b465ee728b)
Start importing Assets/Prefabs/Particle System.prefab using Guid(2234a3b060881438da0ec17400bd935d) Importer(815301076,1909f56bfc062723c751e8b465ee728b)  -> (artifact id: '1d16844e2259be15a437d21021f2d08b') in 0.030174 seconds 
  Import took 0.039406 seconds .

========================================================================
Received Import Request.
  Time since last request: 5.068392 seconds.
  path: Assets/Prefabs/Particle System.prefab
  artifactKey: Guid(2234a3b060881438da0ec17400bd935d) Importer(815301076,1909f56bfc062723c751e8b465ee728b)
Start importing Assets/Prefabs/Particle System.prefab using Guid(2234a3b060881438da0ec17400bd935d) Importer(815301076,1909f56bfc062723c751e8b465ee728b)  -> (artifact id: 'd2ad7b88e3e54e659054fedb6b219a3f') in 0.033062 seconds 
  Import took 0.040657 seconds .

========================================================================
Received Import Request.
  Time since last request: 54.519737 seconds.
  path: Assets/Prefabs/Particle System.prefab
  artifactKey: Guid(2234a3b060881438da0ec17400bd935d) Importer(815301076,1909f56bfc062723c751e8b465ee728b)
Start importing Assets/Prefabs/Particle System.prefab using Guid(2234a3b060881438da0ec17400bd935d) Importer(815301076,1909f56bfc062723c751e8b465ee728b)  -> (artifact id: '716b7d898fac31965d07729763338acc') in 0.026288 seconds 
  Import took 0.042173 seconds .

========================================================================
Received Import Request.
  Time since last request: 18.924036 seconds.
  path: Assets/Prefabs/Particle System.prefab
  artifactKey: Guid(2234a3b060881438da0ec17400bd935d) Importer(815301076,1909f56bfc062723c751e8b465ee728b)
Start importing Assets/Prefabs/Particle System.prefab using Guid(2234a3b060881438da0ec17400bd935d) Importer(815301076,1909f56bfc062723c751e8b465ee728b)  -> (artifact id: '7836a54aa229fd4d3cc26b923ab62818') in 0.030896 seconds 
  Import took 0.038140 seconds .

========================================================================
Received Import Request.
  Time since last request: 4.291906 seconds.
  path: Assets/Prefabs/Particle System.prefab
  artifactKey: Guid(2234a3b060881438da0ec17400bd935d) Importer(815301076,1909f56bfc062723c751e8b465ee728b)
Start importing Assets/Prefabs/Particle System.prefab using Guid(2234a3b060881438da0ec17400bd935d) Importer(815301076,1909f56bfc062723c751e8b465ee728b)  -> (artifact id: 'fece1344b87e51577b06d4e73f10427b') in 0.017633 seconds 
  Import took 0.023496 seconds .

========================================================================
Received Import Request.
  Time since last request: 36.168516 seconds.
  path: Assets/Prefabs/Particle System.prefab
  artifactKey: Guid(2234a3b060881438da0ec17400bd935d) Importer(815301076,1909f56bfc062723c751e8b465ee728b)
Start importing Assets/Prefabs/Particle System.prefab using Guid(2234a3b060881438da0ec17400bd935d) Importer(815301076,1909f56bfc062723c751e8b465ee728b)  -> (artifact id: '1175e02a6e830d3f33897543066ffe7c') in 0.039628 seconds 
  Import took 0.049938 seconds .

========================================================================
Received Import Request.
  Time since last request: 3.645234 seconds.
  path: Assets/Prefabs/Particle System.prefab
  artifactKey: Guid(2234a3b060881438da0ec17400bd935d) Importer(815301076,1909f56bfc062723c751e8b465ee728b)
Start importing Assets/Prefabs/Particle System.prefab using Guid(2234a3b060881438da0ec17400bd935d) Importer(815301076,1909f56bfc062723c751e8b465ee728b)  -> (artifact id: '4afb298e102808010444f443d5f526ee') in 0.013601 seconds 
  Import took 0.021417 seconds .

========================================================================
Received Import Request.
  Time since last request: 71.842717 seconds.
  path: Assets/Resources/Materials/GunMaterial.mat
  artifactKey: Guid(bc446c4b1ee0afe4ca709f3a64ae57cf) Importer(815301076,1909f56bfc062723c751e8b465ee728b)
Start importing Assets/Resources/Materials/GunMaterial.mat using Guid(bc446c4b1ee0afe4ca709f3a64ae57cf) Importer(815301076,1909f56bfc062723c751e8b465ee728b)  -> (artifact id: '78ae9f757cbdaa1bd09df1e751fac1fb') in 0.147609 seconds 
  Import took 0.156559 seconds .

========================================================================
Received Prepare
Registering precompiled user dll's ...
Registered in 0.010008 seconds.
Begin MonoManager ReloadAssembly
Native extension for LinuxStandalone target not found
Native extension for WindowsStandalone target not found
Native extension for OSXStandalone target not found
Native extension for WebGL target not found
Refreshing native plugins compatible for Editor in 1.14 ms, found 4 plugins.
Preloading 0 native plugins for Editor in 0.00 ms.
2022-03-29 20:46:51.494 Unity[24730:9081153] NSEventModifierFlagFunction specified to -setKeyEquivalentModifierMask: for item <NSMenuItem: 0x6000011209a0 Quick Recording, ke='Command-F10'>, but is only supported for system-provided menu items; will not be used
2022-03-29 20:46:51.499 Unity[24730:9081153] NSEventModifierFlagFunction specified to -setKeyEquivalentModifierMask: for item <NSMenuItem: 0x600001124000 Font Asset, ke='Command-F12'>, but is only supported for system-provided menu items; will not be used
Mono: successfully reloaded assembly
- Completed reload, in  2.169 seconds
Domain Reload Profiling:
	ReloadAssembly (2172ms)
		BeginReloadAssembly (434ms)
			ExecutionOrderSort (0ms)
			DisableScriptedObjects (36ms)
			BackupInstance (0ms)
			ReleaseScriptingObjects (0ms)
			CreateAndSetChildDomain (213ms)
		EndReloadAssembly (1623ms)
			LoadAssemblies (250ms)
			RebuildTransferFunctionScriptingTraits (1ms)
			SetupTypeCache (577ms)
			ReleaseScriptCaches (7ms)
			RebuildScriptCaches (103ms)
			SetupLoadedEditorAssemblies (474ms)
				LogAssemblyErrors (0ms)
				InitializePlatformSupportModulesInManaged (23ms)
				SetLoadedEditorAssemblies (1ms)
				RefreshPlugins (1ms)
				BeforeProcessingInitializeOnLoad (190ms)
				ProcessInitializeOnLoadAttributes (246ms)
				ProcessInitializeOnLoadMethodAttributes (11ms)
				AfterProcessingInitializeOnLoad (1ms)
				EditorAssembliesLoaded (0ms)
			ExecutionOrderSort2 (0ms)
			AwakeInstancesAfterBackupRestoration (31ms)
Platform modules already initialized, skipping
Refreshing native plugins compatible for Editor in 0.78 ms, found 4 plugins.
Preloading 0 native plugins for Editor in 0.00 ms.
Unloading 2995 Unused Serialized files (Serialized files now loaded: 0)
System memory in use before: 282.1 MB.
System memory in use after: 282.3 MB.

Unloading 33 unused Assets to reduce memory usage. Loaded Objects now: 4036.
Total: 5.129994 ms (FindLiveObjects: 0.392090 ms CreateObjectMapping: 0.156206 ms MarkObjects: 4.534600 ms  DeleteObjects: 0.046132 ms)

AssetImportParameters requested are different than current active one (requested -> active):
  custom:video-decoder-ogg-theora: a1e56fd34408186e4bbccfd4996cb3dc -> 
  custom:container-muxer-webm: aa71ff27fc2769a1b78a27578f13a17b -> 
  custom:container-demuxer-webm: 4f35f7cbe854078d1ac9338744f61a02 -> 
  custom:container-demuxer-ogg: 62fdf1f143b41e24485cea50d1cbac27 -> 
  custom:video-encoder-webm-vp8: eb34c28f22e8b96e1ab97ce403110664 -> 
  custom:framework-osx-AVFoundation: e770b220cccbd017edd2c1fefb359320 -> 
  custom:video-decoder-webm-vp8: 9c59270c3fd7afecdb556c50c9e8de78 -> 
  custom:audio-decoder-ogg-vorbis: bf7c407c2cedff20999df2af8eb42d56 -> 
  custom:audio-encoder-webm-vorbis: bf7c407c2cedff20999df2af8eb42d56 -> 
========================================================================
Received Import Request.
  Time since last request: 208.830264 seconds.
  path: Assets/Resources/Materials/New Material.mat
  artifactKey: Guid(471da58d7cb3b74449eddcf160d8cd96) Importer(815301076,1909f56bfc062723c751e8b465ee728b)
Start importing Assets/Resources/Materials/New Material.mat using Guid(471da58d7cb3b74449eddcf160d8cd96) Importer(815301076,1909f56bfc062723c751e8b465ee728b)  -> (artifact id: 'a0af6485bbb06ee9a828e0b9cde5f8b1') in 0.190348 seconds 
  Import took 0.197411 seconds .

